<?xml version="1.0" encoding="UTF-8"?>
<!-- Generated by org.testng.reporters.JUnitReportReporter -->
<testsuite hostname="LAPTOP-A1J62A9F" failures="0" tests="4" name="TestNGSerial_ParralelEx1.SanityTesting" time="0.016" errors="0" timestamp="2022-07-29T10:17:09 IST" skipped="0">
  <testcase classname="TestNGSerial_ParralelEx1.SanityTesting" name="Build1" time="0.013"/>
  <system-out>
    <![CDATA[Build1 is passed]]>
  </system-out>
  <testcase classname="TestNGSerial_ParralelEx1.SanityTesting" name="Build2" time="0.001"/>
  <system-out>
    <![CDATA[Build2 is passed]]>
  </system-out>
  <testcase classname="TestNGSerial_ParralelEx1.SanityTesting" name="Build4" time="0.001"/>
  <system-out>
    <![CDATA[Build4 is passed]]>
  </system-out>
  <testcase classname="TestNGSerial_ParralelEx1.SanityTesting" name="Build3" time="0.001"/>
  <system-out>
    <![CDATA[Build3 is passed]]>
  </system-out>
</testsuite> <!-- TestNGSerial_ParralelEx1.SanityTesting -->
