<?xml version="1.0" encoding="UTF-8"?>
<!-- Generated by org.testng.reporters.JUnitReportReporter -->
<testsuite hostname="LAPTOP-A1J62A9F" failures="0" tests="1" name="TestNGStudy.TestNG_EX1" time="10.352" errors="0" timestamp="2022-07-20T23:01:23 IST" skipped="0">
  <testcase classname="TestNGStudy.TestNG_EX1" name="LoginKite" time="10.352"/>
  <system-out/>
</testsuite> <!-- TestNGStudy.TestNG_EX1 -->
