<?xml version="1.0" encoding="UTF-8"?>
<!-- Generated by org.testng.reporters.JUnitReportReporter -->
<testsuite hostname="LAPTOP-A1J62A9F" failures="0" tests="1" name="TestNGAssert_Study.AssertNotEquals" time="0.024" errors="0" timestamp="2022-07-27T19:54:05 IST" skipped="0">
  <testcase classname="TestNGAssert_Study.AssertNotEquals" name="NotEqualTest" time="0.024"/>
  <system-out/>
</testsuite> <!-- TestNGAssert_Study.AssertNotEquals -->
