<?xml version="1.0" encoding="UTF-8"?>
<!-- Generated by org.testng.reporters.JUnitReportReporter -->
<testsuite hostname="LAPTOP-A1J62A9F" failures="0" tests="1" name="KiteTestClasses.ValidateKiteUsingfileclass" time="3.277" errors="0" timestamp="2022-08-04T00:34:03 IST" skipped="0">
  <testcase classname="KiteTestClasses.ValidateKiteUsingfileclass" name="kiteUserValidation" time="3.277"/>
  <system-out>
    <![CDATA[Taken SCreenshot]]>
  </system-out>
</testsuite> <!-- KiteTestClasses.ValidateKiteUsingfileclass -->
