<?xml version="1.0" encoding="UTF-8"?>
<!-- Generated by org.testng.reporters.JUnitReportReporter -->
<testsuite hostname="LAPTOP-A1J62A9F" failures="0" tests="2" name="TestNGAnnotation.TestNGStudy" time="0.017" errors="0" timestamp="2022-08-03T23:46:35 IST" skipped="0">
  <testcase classname="TestNGAnnotation.TestNGStudy" name="ValidateUserId" time="0.005"/>
  <system-out>
    <![CDATA[UserId Validation done--> @Test used]]>
  </system-out>
  <testcase classname="TestNGAnnotation.TestNGStudy" name="ValidatePin" time="0.012"/>
  <system-out>
    <![CDATA[Pin Validation done-->@Test used]]>
  </system-out>
</testsuite> <!-- TestNGAnnotation.TestNGStudy -->
