<?xml version="1.0" encoding="UTF-8"?>
<!-- Generated by org.testng.reporters.JUnitReportReporter -->
<testsuite hostname="LAPTOP-A1J62A9F" failures="0" tests="1" name="POM_TestNg_ReddiffEx3.ReddiffLoginApp" time="39.386" errors="0" timestamp="2022-08-05T21:16:29 IST" skipped="0">
  <testcase classname="POM_TestNg_ReddiffEx3.ReddiffLoginApp" name="ValidateReddiff" time="39.386"/>
  <system-out>
    <![CDATA[If UserID Field Null Then TC failed]]>
  </system-out>
</testsuite> <!-- POM_TestNg_ReddiffEx3.ReddiffLoginApp -->
