<?xml version="1.0" encoding="UTF-8"?>
<!-- Generated by org.testng.reporters.JUnitReportReporter -->
<testsuite hostname="LAPTOP-A1J62A9F" failures="0" tests="1" name="POM_WithTestNG.TestCase_WithTestNG" time="5.961" errors="0" timestamp="2022-07-30T12:17:57 IST" skipped="0">
  <testcase classname="POM_WithTestNG.TestCase_WithTestNG" name="ValidateUserID" time="5.961"/>
  <system-out>
    <![CDATA[validating actual and Expected User ID
Validated actual and Expeted USer ID TC is PASSED]]>
  </system-out>
</testsuite> <!-- POM_WithTestNG.TestCase_WithTestNG -->
