<?xml version="1.0" encoding="UTF-8"?>
<!-- Generated by org.testng.reporters.JUnitReportReporter -->
<testsuite hostname="LAPTOP-A1J62A9F" failures="0" tests="1" name="TestNGAnnotation.MyClass" time="0.007" errors="0" timestamp="2022-07-21T22:22:53 IST" skipped="0">
  <testcase classname="TestNGAnnotation.MyClass" name="Withdraw" time="0.007"/>
  <system-out>
    <![CDATA[1 Lac withdraw]]>
  </system-out>
</testsuite> <!-- TestNGAnnotation.MyClass -->
