<?xml version="1.0" encoding="UTF-8"?>
<!-- Generated by org.testng.reporters.JUnitReportReporter -->
<testsuite hostname="LAPTOP-A1J62A9F" failures="0" tests="4" name="TestNGParralelexucution.SanityTesting" time="0.031" errors="0" timestamp="2022-07-26T22:01:46 IST" skipped="0">
  <testcase classname="TestNGParralelexucution.SanityTesting" name="Build2" time="0.002"/>
  <system-out>
    <![CDATA[Build2 is passed]]>
  </system-out>
  <testcase classname="TestNGParralelexucution.SanityTesting" name="Build4" time="0.002"/>
  <system-out>
    <![CDATA[Build4 is passed]]>
  </system-out>
  <testcase classname="TestNGParralelexucution.SanityTesting" name="Build1" time="0.024"/>
  <system-out>
    <![CDATA[Build1 is passed]]>
  </system-out>
  <testcase classname="TestNGParralelexucution.SanityTesting" name="Build3" time="0.003"/>
  <system-out>
    <![CDATA[Build3 is passed]]>
  </system-out>
</testsuite> <!-- TestNGParralelexucution.SanityTesting -->
