<?xml version="1.0" encoding="UTF-8"?>
<!-- Generated by org.testng.reporters.JUnitReportReporter -->
<testsuite hostname="LAPTOP-A1J62A9F" failures="0" tests="4" name="TestNGXmlStudy.TestNGXML1" time="0.004" errors="0" timestamp="2022-07-25T22:28:47 IST" skipped="0">
  <testcase classname="TestNGXmlStudy.TestNGXML1" name="d" time="0.001"/>
  <system-out>
    <![CDATA[d is running]]>
  </system-out>
  <testcase classname="TestNGXmlStudy.TestNGXML1" name="b" time="0.001"/>
  <system-out>
    <![CDATA[b is running]]>
  </system-out>
  <testcase classname="TestNGXmlStudy.TestNGXML1" name="a" time="0.001"/>
  <system-out>
    <![CDATA[a is running]]>
  </system-out>
  <testcase classname="TestNGXmlStudy.TestNGXML1" name="c" time="0.001"/>
  <system-out>
    <![CDATA[c is running]]>
  </system-out>
</testsuite> <!-- TestNGXmlStudy.TestNGXML1 -->
