<?xml version="1.0" encoding="UTF-8"?>
<!-- Generated by org.testng.reporters.JUnitReportReporter -->
<testsuite hostname="LAPTOP-A1J62A9F" failures="0" tests="2" name="TestNGListnerStudy.Smoke" time="0.007" errors="0" timestamp="2022-08-05T01:12:13 IST" skipped="0">
  <testcase classname="TestNGListnerStudy.Smoke" name="Test1" time="0.003"/>
  <system-out>
    <![CDATA[TC execution is started Test1
test1 is ok from smoke
TC execution is successful Test1]]>
  </system-out>
  <testcase classname="TestNGListnerStudy.Smoke" name="Test2" time="0.004"/>
  <system-out>
    <![CDATA[TC execution is started Test2
test2 is ok from smoke
TC execution is successful Test2]]>
  </system-out>
</testsuite> <!-- TestNGListnerStudy.Smoke -->
