<?xml version="1.0" encoding="UTF-8"?>
<!-- Generated by org.testng.reporters.JUnitReportReporter -->
<testsuite hostname="LAPTOP-A1J62A9F" failures="0" tests="1" name="TestNGAssert_Study.AssertNullEx1" time="0.023" errors="0" timestamp="2022-07-27T20:34:19 IST" skipped="0">
  <testcase classname="TestNGAssert_Study.AssertNullEx1" name="NullTest" time="0.023"/>
  <system-out/>
</testsuite> <!-- TestNGAssert_Study.AssertNullEx1 -->
