<?xml version="1.0" encoding="UTF-8"?>
<!-- Generated by org.testng.reporters.JUnitReportReporter -->
<testsuite hostname="LAPTOP-A1J62A9F" failures="0" tests="1" name="TestNGAssert_Study.AssertFalseEx1" time="0.021" errors="0" timestamp="2022-07-27T20:28:59 IST" skipped="0">
  <testcase classname="TestNGAssert_Study.AssertFalseEx1" name="Falsetest" time="0.021"/>
  <system-out/>
</testsuite> <!-- TestNGAssert_Study.AssertFalseEx1 -->
