<?xml version="1.0" encoding="UTF-8"?>
<!-- Generated by org.testng.reporters.JUnitReportReporter -->
<testsuite hostname="LAPTOP-A1J62A9F" failures="0" tests="5" name="TestNGKeywords.PriorityStudy" time="0.030" errors="0" timestamp="2022-08-04T00:31:37 IST" skipped="0">
  <testcase classname="TestNGKeywords.PriorityStudy" name="c" time="0.021"/>
  <system-out>
    <![CDATA[c method is running ]]>
  </system-out>
  <testcase classname="TestNGKeywords.PriorityStudy" name="e" time="0.000"/>
  <system-out>
    <![CDATA[e method is runnig]]>
  </system-out>
  <testcase classname="TestNGKeywords.PriorityStudy" name="d" time="0.009"/>
  <system-out>
    <![CDATA[d method is running]]>
  </system-out>
  <testcase classname="TestNGKeywords.PriorityStudy" name="b" time="0.000"/>
  <system-out>
    <![CDATA[b method is running]]>
  </system-out>
  <testcase classname="TestNGKeywords.PriorityStudy" name="a" time="0.000"/>
  <system-out>
    <![CDATA[a methos is running]]>
  </system-out>
</testsuite> <!-- TestNGKeywords.PriorityStudy -->
