<?xml version="1.0" encoding="UTF-8"?>
<!-- Generated by org.testng.reporters.JUnitReportReporter -->
<testsuite hostname="LAPTOP-A1J62A9F" failures="0" tests="4" name="TestNGXmlStudy.TestNGXML2" time="0.019" errors="0" timestamp="2022-07-25T22:28:47 IST" skipped="0">
  <testcase classname="TestNGXmlStudy.TestNGXML2" name="f" time="0.002"/>
  <system-out>
    <![CDATA[f is running]]>
  </system-out>
  <testcase classname="TestNGXmlStudy.TestNGXML2" name="h" time="0.002"/>
  <system-out>
    <![CDATA[h is running]]>
  </system-out>
  <testcase classname="TestNGXmlStudy.TestNGXML2" name="e" time="0.013"/>
  <system-out>
    <![CDATA[E is running]]>
  </system-out>
  <testcase classname="TestNGXmlStudy.TestNGXML2" name="g" time="0.002"/>
  <system-out>
    <![CDATA[g is running]]>
  </system-out>
</testsuite> <!-- TestNGXmlStudy.TestNGXML2 -->
