<?xml version="1.0" encoding="UTF-8"?>
<!-- Generated by org.testng.reporters.JUnitReportReporter -->
<testsuite hostname="LAPTOP-A1J62A9F" failures="0" tests="3" name="TestNGKeywords.EnabaledStudy" time="0.000" errors="0" timestamp="2022-08-04T00:31:37 IST" skipped="1">
  <testcase classname="TestNGKeywords.EnabaledStudy" name="a" time="0.000"/>
  <system-out>
    <![CDATA[a method running]]>
  </system-out>
  <testcase classname="TestNGKeywords.EnabaledStudy" name="c" time="0.000"/>
  <system-out>
    <![CDATA[c method running]]>
  </system-out>
  <testcase classname="TestNGKeywords.EnabaledStudy" name="b">
    <skipped/>
  </testcase> <!-- b -->
  <system-out/>
</testsuite> <!-- TestNGKeywords.EnabaledStudy -->
