<?xml version="1.0" encoding="UTF-8"?>
<!-- Generated by org.testng.reporters.JUnitReportReporter -->
<testsuite hostname="LAPTOP-A1J62A9F" failures="0" tests="5" name="TestNGKeywords.DependsOnstudy" time="0.010" errors="0" timestamp="2022-08-04T00:31:38 IST" skipped="0">
  <testcase classname="TestNGKeywords.DependsOnstudy" name="c" time="0.000"/>
  <system-out>
    <![CDATA[c method is running]]>
  </system-out>
  <testcase classname="TestNGKeywords.DependsOnstudy" name="e" time="0.000"/>
  <system-out>
    <![CDATA[e method is running]]>
  </system-out>
  <testcase classname="TestNGKeywords.DependsOnstudy" name="d" time="0.010"/>
  <system-out>
    <![CDATA[d method is running]]>
  </system-out>
  <testcase classname="TestNGKeywords.DependsOnstudy" name="a" time="0.000"/>
  <system-out>
    <![CDATA[a method is running]]>
  </system-out>
  <testcase classname="TestNGKeywords.DependsOnstudy" name="b" time="0.000"/>
  <system-out>
    <![CDATA[b method is running]]>
  </system-out>
</testsuite> <!-- TestNGKeywords.DependsOnstudy -->
