<?xml version="1.0" encoding="UTF-8"?>
<!-- Generated by org.testng.reporters.JUnitReportReporter -->
<testsuite hostname="LAPTOP-A1J62A9F" failures="0" tests="2" name="CrossBrowserTesting.CompatibilityTesting" time="15.060" errors="0" timestamp="2022-07-29T10:21:41 IST" skipped="0">
  <testcase classname="CrossBrowserTesting.CompatibilityTesting" name="CT" time="5.648"/>
  <system-out/>
  <testcase classname="CrossBrowserTesting.CompatibilityTesting" name="CT" time="9.412"/>
  <system-out/>
</testsuite> <!-- CrossBrowserTesting.CompatibilityTesting -->
