<?xml version="1.0" encoding="UTF-8"?>
<!-- Generated by org.testng.reporters.JUnitReportReporter -->
<testsuite hostname="LAPTOP-A1J62A9F" failures="0" tests="6" name="TestNGKeywords.InvocationCountStudy" time="0.026" errors="0" timestamp="2022-08-04T00:31:38 IST" skipped="0">
  <testcase classname="TestNGKeywords.InvocationCountStudy" name="Mymethod" time="0.002"/>
  <system-out>
    <![CDATA[My Method is running]]>
  </system-out>
  <testcase classname="TestNGKeywords.InvocationCountStudy" name="Mymethod" time="0.000"/>
  <system-out>
    <![CDATA[My Method is running]]>
  </system-out>
  <testcase classname="TestNGKeywords.InvocationCountStudy" name="Apple" time="0.000"/>
  <system-out>
    <![CDATA[My Method is running]]>
  </system-out>
  <testcase classname="TestNGKeywords.InvocationCountStudy" name="Mymethod" time="0.011"/>
  <system-out>
    <![CDATA[My Method is running]]>
  </system-out>
  <testcase classname="TestNGKeywords.InvocationCountStudy" name="Mymethod" time="0.008"/>
  <system-out>
    <![CDATA[My Method is running]]>
  </system-out>
  <testcase classname="TestNGKeywords.InvocationCountStudy" name="Mymethod" time="0.005"/>
  <system-out>
    <![CDATA[My Method is running]]>
  </system-out>
</testsuite> <!-- TestNGKeywords.InvocationCountStudy -->
