<?xml version="1.0" encoding="UTF-8"?>
<!-- Generated by org.testng.reporters.JUnitReportReporter -->
<testsuite hostname="LAPTOP-A1J62A9F" failures="0" tests="4" name="TestNGParralelexucution.SmokeTesting" time="0.009" errors="0" timestamp="2022-07-26T22:01:46 IST" skipped="0">
  <testcase classname="TestNGParralelexucution.SmokeTesting" name="Build6" time="0.002"/>
  <system-out>
    <![CDATA[Build6 is passed]]>
  </system-out>
  <testcase classname="TestNGParralelexucution.SmokeTesting" name="Build5" time="0.002"/>
  <system-out>
    <![CDATA[Build5 is passed]]>
  </system-out>
  <testcase classname="TestNGParralelexucution.SmokeTesting" name="Build7" time="0.003"/>
  <system-out>
    <![CDATA[Build7 is passed]]>
  </system-out>
  <testcase classname="TestNGParralelexucution.SmokeTesting" name="Build8" time="0.002"/>
  <system-out>
    <![CDATA[Build8 is passed]]>
  </system-out>
</testsuite> <!-- TestNGParralelexucution.SmokeTesting -->
