<?xml version="1.0" encoding="UTF-8"?>
<!-- Generated by org.testng.reporters.JUnitReportReporter -->
<testsuite hostname="LAPTOP-A1J62A9F" failures="0" tests="1" name="KiteTestClasses.ValidateKiteUserID" time="4.980" errors="0" timestamp="2022-08-02T00:05:23 IST" skipped="0">
  <testcase classname="KiteTestClasses.ValidateKiteUserID" name="kiteUserValidation" time="4.980"/>
  <system-out>
    <![CDATA[Reading data from excel]]>
  </system-out>
</testsuite> <!-- KiteTestClasses.ValidateKiteUserID -->
