<?xml version="1.0" encoding="UTF-8"?>
<!-- Generated by org.testng.reporters.JUnitReportReporter -->
<testsuite hostname="LAPTOP-A1J62A9F" failures="0" tests="1" name="AssertionValidation.Assertion1Ex" time="0.012" errors="0" timestamp="2022-07-27T22:35:04 IST" skipped="0">
  <testcase classname="AssertionValidation.Assertion1Ex" name="Test1" time="0.012"/>
  <system-out>
    <![CDATA[Method is failed intentionly]]>
  </system-out>
</testsuite> <!-- AssertionValidation.Assertion1Ex -->
